<?xml version="1.0" encoding="UTF-8"?>
<testsuite errors="1" failures="0" file="unit_tests.py" name="unit_tests.TestSelenium-20201212172213" skipped="0" tests="1" time="3.873" timestamp="2020-12-12T17:22:18">
	<testcase classname="unit_tests.TestSelenium" name="test_selenium" time="3.873" timestamp="2020-12-12T17:22:18">
		<error message="Message: no such element: Unable to locate element: {&quot;method&quot;:&quot;css selector&quot;,&quot;selector&quot;:&quot;[id=&quot;Field1&quot;]&quot;}
  (Session info: chrome=87.0.4280.88)
" type="NoSuchElementException">
<![CDATA[Traceback (most recent call last):
  File "/Library/Frameworks/Python.framework/Versions/3.7/lib/python3.7/site-packages/unittest2/case.py", line 67, in testPartExecutor
    yield
  File "/Library/Frameworks/Python.framework/Versions/3.7/lib/python3.7/site-packages/unittest2/case.py", line 625, in run
    testMethod()
  File "/Users/shrush/capstone2nu/tests/src/unittest/python/unit_tests.py", line 19, in test_selenium
    self.driver.find_element_by_id("Field1").send_keys("Shruti")
  File "/Library/Frameworks/Python.framework/Versions/3.7/lib/python3.7/site-packages/selenium/webdriver/remote/webdriver.py", line 360, in find_element_by_id
    return self.find_element(by=By.ID, value=id_)
  File "/Library/Frameworks/Python.framework/Versions/3.7/lib/python3.7/site-packages/selenium/webdriver/remote/webdriver.py", line 978, in find_element
    'value': value})['value']
  File "/Library/Frameworks/Python.framework/Versions/3.7/lib/python3.7/site-packages/selenium/webdriver/remote/webdriver.py", line 321, in execute
    self.error_handler.check_response(response)
  File "/Library/Frameworks/Python.framework/Versions/3.7/lib/python3.7/site-packages/selenium/webdriver/remote/errorhandler.py", line 242, in check_response
    raise exception_class(message, screen, stacktrace)
selenium.common.exceptions.NoSuchElementException: Message: no such element: Unable to locate element: {"method":"css selector","selector":"[id="Field1"]"}
  (Session info: chrome=87.0.4280.88)

]]>		</error>
	</testcase>
</testsuite>
